STAR version=STAR_2.5.3a
STAR compilation time,server,dir=Fri Mar 31 16:27:39 EDT 2017 florence.cshl.edu:/sonas-hs/gingeras/nlsas_norepl/user/dobin/STAR/STAR.sandbox/source
##### DEFAULT parameters:
versionSTAR                       20201
versionGenome                     20101   20200   
parametersFiles                   -   
sysShell                          -
runMode                           alignReads
runThreadN                        1
runDirPerm                        User_RWX
runRNGseed                        777
genomeDir                         ./GenomeDir/
genomeLoad                        NoSharedMemory
genomeFastaFiles                  -   
genomeChainFiles                  -   
genomeSAindexNbases               14
genomeChrBinNbits                 18
genomeSAsparseD                   1
genomeSuffixLengthMax             18446744073709551615
genomeFileSizes                   0   
readFilesIn                       Read1   Read2   
readFilesCommand                  -   
readMatesLengthsIn                NotEqual
readMapNumber                     18446744073709551615
readNameSeparator                 /   
inputBAMfile                      -
bamRemoveDuplicatesType           -
bamRemoveDuplicatesMate2basesN    0
limitGenomeGenerateRAM            31000000000
limitIObufferSize                 150000000
limitOutSAMoneReadBytes           100000
limitOutSJcollapsed               1000000
limitOutSJoneRead                 1000
limitBAMsortRAM                   0
limitSjdbInsertNsj                1000000
outFileNamePrefix                 ./
outTmpDir                         -
outTmpKeep                        None
outStd                            Log
outReadsUnmapped                  None
outQSconversionAdd                0
outMultimapperOrder               Old_2.4
outSAMtype                        SAM   
outSAMmode                        Full
outSAMstrandField                 None
outSAMattributes                  Standard   
outSAMunmapped                    None   
outSAMorder                       Paired
outSAMprimaryFlag                 OneBestScore
outSAMreadID                      Standard
outSAMmapqUnique                  255
outSAMflagOR                      0
outSAMflagAND                     65535
outSAMattrRGline                  -   
outSAMheaderHD                    -   
outSAMheaderPG                    -   
outSAMheaderCommentFile           -
outBAMcompression                 1
outBAMsortingThreadN              0
outSAMfilter                      None   
outSAMmultNmax                    18446744073709551615
outSAMattrIHstart                 1
outSJfilterReads                  All
outSJfilterCountUniqueMin         3   1   1   1   
outSJfilterCountTotalMin          3   1   1   1   
outSJfilterOverhangMin            30   12   12   12   
outSJfilterDistToOtherSJmin       10   0   5   10   
outSJfilterIntronMaxVsReadN       50000   100000   200000   
outWigType                        None   
outWigStrand                      Stranded   
outWigReferencesPrefix            -
outWigNorm                        RPM   
outFilterType                     Normal
outFilterMultimapNmax             10
outFilterMultimapScoreRange       1
outFilterScoreMin                 0
outFilterScoreMinOverLread        0.66
outFilterMatchNmin                0
outFilterMatchNminOverLread       0.66
outFilterMismatchNmax             10
outFilterMismatchNoverLmax        0.3
outFilterMismatchNoverReadLmax    1
outFilterIntronMotifs             None
clip5pNbases                      0   
clip3pNbases                      0   
clip3pAfterAdapterNbases          0   
clip3pAdapterSeq                  -   
clip3pAdapterMMp                  0.1   
winBinNbits                       16
winAnchorDistNbins                9
winFlankNbins                     4
winAnchorMultimapNmax             50
winReadCoverageRelativeMin        0.5
winReadCoverageBasesMin           0
scoreGap                          0
scoreGapNoncan                    -8
scoreGapGCAG                      -4
scoreGapATAC                      -8
scoreStitchSJshift                1
scoreGenomicLengthLog2scale       -0.25
scoreDelBase                      -2
scoreDelOpen                      -2
scoreInsOpen                      -2
scoreInsBase                      -2
seedSearchLmax                    0
seedSearchStartLmax               50
seedSearchStartLmaxOverLread      1
seedPerReadNmax                   1000
seedPerWindowNmax                 50
seedNoneLociPerWindow             10
seedMultimapNmax                  10000
alignIntronMin                    21
alignIntronMax                    0
alignMatesGapMax                  0
alignTranscriptsPerReadNmax       10000
alignSJoverhangMin                5
alignSJDBoverhangMin              3
alignSJstitchMismatchNmax         0   -1   0   0   
alignSplicedMateMapLmin           0
alignSplicedMateMapLminOverLmate    0.66
alignWindowsPerReadNmax           10000
alignTranscriptsPerWindowNmax     100
alignEndsType                     Local
alignSoftClipAtReferenceEnds      Yes
alignEndsProtrude                 0   ConcordantPair   
chimSegmentMin                    0
chimScoreMin                      0
chimScoreDropMax                  20
chimScoreSeparation               10
chimScoreJunctionNonGTAG          -1
chimMainSegmentMultNmax           10
chimJunctionOverhangMin           20
chimOutType                       SeparateSAMold   
chimFilter                        banGenomicN   
chimSegmentReadGapMax             0
sjdbFileChrStartEnd               -   
sjdbGTFfile                       -
sjdbGTFchrPrefix                  -
sjdbGTFfeatureExon                exon
sjdbGTFtagExonParentTranscript    transcript_id
sjdbGTFtagExonParentGene          gene_id
sjdbOverhang                      100
sjdbScore                         2
sjdbInsertSave                    Basic
quantMode                         -   
quantTranscriptomeBAMcompression    1
quantTranscriptomeBan             IndelSoftclipSingleend
twopass1readsN                    18446744073709551615
twopassMode                       None
##### Command Line:
/home/jpfonseca/software/STAR/bin/Linux_x86_64_static/STAR --runThreadN 12 --runMode genomeGenerate --genomeDir /home/heineike/genomes/klac_20170819/genomeDir --genomeFastaFiles /home/heineike/genomes/klac_20170819/KL_genome/Kluyveromyces_lactis.ASM251v1.dna.toplevel.fa --sjdbGTFfile /home/heineike/genomes/klac_20170819/KL_GTF/Kluyveromyces_lactis.ASM251v1.32_custom.gtf --sjdbOverhang 49
##### Initial USER parameters from Command Line:
###### All USER parameters from Command Line:
runThreadN                    12     ~RE-DEFINED
runMode                       genomeGenerate     ~RE-DEFINED
genomeDir                     /home/heineike/genomes/klac_20170819/genomeDir     ~RE-DEFINED
genomeFastaFiles              /home/heineike/genomes/klac_20170819/KL_genome/Kluyveromyces_lactis.ASM251v1.dna.toplevel.fa        ~RE-DEFINED
sjdbGTFfile                   /home/heineike/genomes/klac_20170819/KL_GTF/Kluyveromyces_lactis.ASM251v1.32_custom.gtf     ~RE-DEFINED
sjdbOverhang                  49     ~RE-DEFINED
##### Finished reading parameters from all sources

##### Final user re-defined parameters-----------------:
runMode                           genomeGenerate
runThreadN                        12
genomeDir                         /home/heineike/genomes/klac_20170819/genomeDir
genomeFastaFiles                  /home/heineike/genomes/klac_20170819/KL_genome/Kluyveromyces_lactis.ASM251v1.dna.toplevel.fa   
sjdbGTFfile                       /home/heineike/genomes/klac_20170819/KL_GTF/Kluyveromyces_lactis.ASM251v1.32_custom.gtf
sjdbOverhang                      49

-------------------------------
##### Final effective command line:
/home/jpfonseca/software/STAR/bin/Linux_x86_64_static/STAR   --runMode genomeGenerate   --runThreadN 12   --genomeDir /home/heineike/genomes/klac_20170819/genomeDir   --genomeFastaFiles /home/heineike/genomes/klac_20170819/KL_genome/Kluyveromyces_lactis.ASM251v1.dna.toplevel.fa      --sjdbGTFfile /home/heineike/genomes/klac_20170819/KL_GTF/Kluyveromyces_lactis.ASM251v1.32_custom.gtf   --sjdbOverhang 49

##### Final parameters after user input--------------------------------:
versionSTAR                       20201
versionGenome                     20101   20200   
parametersFiles                   -   
sysShell                          -
runMode                           genomeGenerate
runThreadN                        12
runDirPerm                        User_RWX
runRNGseed                        777
genomeDir                         /home/heineike/genomes/klac_20170819/genomeDir
genomeLoad                        NoSharedMemory
genomeFastaFiles                  /home/heineike/genomes/klac_20170819/KL_genome/Kluyveromyces_lactis.ASM251v1.dna.toplevel.fa   
genomeChainFiles                  -   
genomeSAindexNbases               14
genomeChrBinNbits                 18
genomeSAsparseD                   1
genomeSuffixLengthMax             18446744073709551615
genomeFileSizes                   0   
readFilesIn                       Read1   Read2   
readFilesCommand                  -   
readMatesLengthsIn                NotEqual
readMapNumber                     18446744073709551615
readNameSeparator                 /   
inputBAMfile                      -
bamRemoveDuplicatesType           -
bamRemoveDuplicatesMate2basesN    0
limitGenomeGenerateRAM            31000000000
limitIObufferSize                 150000000
limitOutSAMoneReadBytes           100000
limitOutSJcollapsed               1000000
limitOutSJoneRead                 1000
limitBAMsortRAM                   0
limitSjdbInsertNsj                1000000
outFileNamePrefix                 ./
outTmpDir                         -
outTmpKeep                        None
outStd                            Log
outReadsUnmapped                  None
outQSconversionAdd                0
outMultimapperOrder               Old_2.4
outSAMtype                        SAM   
outSAMmode                        Full
outSAMstrandField                 None
outSAMattributes                  Standard   
outSAMunmapped                    None   
outSAMorder                       Paired
outSAMprimaryFlag                 OneBestScore
outSAMreadID                      Standard
outSAMmapqUnique                  255
outSAMflagOR                      0
outSAMflagAND                     65535
outSAMattrRGline                  -   
outSAMheaderHD                    -   
outSAMheaderPG                    -   
outSAMheaderCommentFile           -
outBAMcompression                 1
outBAMsortingThreadN              0
outSAMfilter                      None   
outSAMmultNmax                    18446744073709551615
outSAMattrIHstart                 1
outSJfilterReads                  All
outSJfilterCountUniqueMin         3   1   1   1   
outSJfilterCountTotalMin          3   1   1   1   
outSJfilterOverhangMin            30   12   12   12   
outSJfilterDistToOtherSJmin       10   0   5   10   
outSJfilterIntronMaxVsReadN       50000   100000   200000   
outWigType                        None   
outWigStrand                      Stranded   
outWigReferencesPrefix            -
outWigNorm                        RPM   
outFilterType                     Normal
outFilterMultimapNmax             10
outFilterMultimapScoreRange       1
outFilterScoreMin                 0
outFilterScoreMinOverLread        0.66
outFilterMatchNmin                0
outFilterMatchNminOverLread       0.66
outFilterMismatchNmax             10
outFilterMismatchNoverLmax        0.3
outFilterMismatchNoverReadLmax    1
outFilterIntronMotifs             None
clip5pNbases                      0   
clip3pNbases                      0   
clip3pAfterAdapterNbases          0   
clip3pAdapterSeq                  -   
clip3pAdapterMMp                  0.1   
winBinNbits                       16
winAnchorDistNbins                9
winFlankNbins                     4
winAnchorMultimapNmax             50
winReadCoverageRelativeMin        0.5
winReadCoverageBasesMin           0
scoreGap                          0
scoreGapNoncan                    -8
scoreGapGCAG                      -4
scoreGapATAC                      -8
scoreStitchSJshift                1
scoreGenomicLengthLog2scale       -0.25
scoreDelBase                      -2
scoreDelOpen                      -2
scoreInsOpen                      -2
scoreInsBase                      -2
seedSearchLmax                    0
seedSearchStartLmax               50
seedSearchStartLmaxOverLread      1
seedPerReadNmax                   1000
seedPerWindowNmax                 50
seedNoneLociPerWindow             10
seedMultimapNmax                  10000
alignIntronMin                    21
alignIntronMax                    0
alignMatesGapMax                  0
alignTranscriptsPerReadNmax       10000
alignSJoverhangMin                5
alignSJDBoverhangMin              3
alignSJstitchMismatchNmax         0   -1   0   0   
alignSplicedMateMapLmin           0
alignSplicedMateMapLminOverLmate    0.66
alignWindowsPerReadNmax           10000
alignTranscriptsPerWindowNmax     100
alignEndsType                     Local
alignSoftClipAtReferenceEnds      Yes
alignEndsProtrude                 0   ConcordantPair   
chimSegmentMin                    0
chimScoreMin                      0
chimScoreDropMax                  20
chimScoreSeparation               10
chimScoreJunctionNonGTAG          -1
chimMainSegmentMultNmax           10
chimJunctionOverhangMin           20
chimOutType                       SeparateSAMold   
chimFilter                        banGenomicN   
chimSegmentReadGapMax             0
sjdbFileChrStartEnd               -   
sjdbGTFfile                       /home/heineike/genomes/klac_20170819/KL_GTF/Kluyveromyces_lactis.ASM251v1.32_custom.gtf
sjdbGTFchrPrefix                  -
sjdbGTFfeatureExon                exon
sjdbGTFtagExonParentTranscript    transcript_id
sjdbGTFtagExonParentGene          gene_id
sjdbOverhang                      49
sjdbScore                         2
sjdbInsertSave                    Basic
quantMode                         -   
quantTranscriptomeBAMcompression    1
quantTranscriptomeBan             IndelSoftclipSingleend
twopass1readsN                    18446744073709551615
twopassMode                       None
----------------------------------------

Finished loading and checking parameters
Mar 21 13:12:44 ... starting to generate Genome files
/home/heineike/genomes/klac_20170819/KL_genome/Kluyveromyces_lactis.ASM251v1.dna.toplevel.fa : chr # 0  "A" chrStart: 0
/home/heineike/genomes/klac_20170819/KL_genome/Kluyveromyces_lactis.ASM251v1.dna.toplevel.fa : chr # 1  "B" chrStart: 1310720
/home/heineike/genomes/klac_20170819/KL_genome/Kluyveromyces_lactis.ASM251v1.dna.toplevel.fa : chr # 2  "C" chrStart: 2883584
/home/heineike/genomes/klac_20170819/KL_genome/Kluyveromyces_lactis.ASM251v1.dna.toplevel.fa : chr # 3  "D" chrStart: 4718592
/home/heineike/genomes/klac_20170819/KL_genome/Kluyveromyces_lactis.ASM251v1.dna.toplevel.fa : chr # 4  "E" chrStart: 6553600
/home/heineike/genomes/klac_20170819/KL_genome/Kluyveromyces_lactis.ASM251v1.dna.toplevel.fa : chr # 5  "F" chrStart: 8912896
Number of SA indices: 21378224
Mar 21 13:12:45 ... starting to sort Suffix Array. This may take a long time...
Number of chunks: 12;   chunks size limit: 15547792 bytes
Mar 21 13:12:45 ... sorting Suffix Array chunks and saving them to disk...
Writing 4628288 bytes into /home/heineike/genomes/klac_20170819/genomeDir/SA_11 ; empty space on disk = 2276484657152 bytes ... done
Writing 15021424 bytes into /home/heineike/genomes/klac_20170819/genomeDir/SA_0 ; empty space on disk = 2276480028672 bytes ... done
Writing 14718176 bytes into /home/heineike/genomes/klac_20170819/genomeDir/SA_2 ; empty space on disk = 2276465004544 bytes ...Writing 15290536 bytes into /home/heineike/genomes/klac_20170819/genomeDir/SA_10 ; empty space on disk = 2276459761664 bytes ... done
 done
Writing 15150464 bytes into /home/heineike/genomes/klac_20170819/genomeDir/SA_4 ; empty space on disk = 2276434989056 bytes ... done
Writing 14615368 bytes into /home/heineike/genomes/klac_20170819/genomeDir/SA_1 ; empty space on disk = 2276419837952 bytes ...Writing 15306184 bytes into /home/heineike/genomes/klac_20170819/genomeDir/SA_3 ; empty space on disk = 2276405825536 bytes ... done
Writing 14978360 bytes into /home/heineike/genomes/klac_20170819/genomeDir/SA_5 ; empty space on disk = 2276397989888 bytes ... done
 done
Writing 15216272 bytes into /home/heineike/genomes/klac_20170819/genomeDir/SA_6 ; empty space on disk = 2276374929408 bytes ... done
Writing 15368280 bytes into /home/heineike/genomes/klac_20170819/genomeDir/SA_8 ; empty space on disk = 2276359712768 bytes ...Writing 15275848 bytes into /home/heineike/genomes/klac_20170819/genomeDir/SA_9 ; empty space on disk = 2276359135232 bytes ... done
 done
Writing 15456592 bytes into /home/heineike/genomes/klac_20170819/genomeDir/SA_7 ; empty space on disk = 2276329062400 bytes ... done
Mar 21 13:12:46 ... loading chunks from disk, packing SA...
Mar 21 13:12:47 ... finished generating suffix array
Mar 21 13:12:47 ... generating Suffix Array index
Mar 21 13:12:52 ... completed Suffix Array index
Mar 21 13:12:52 ..... processing annotations GTF
Processing sjdbGTFfile=/home/heineike/genomes/klac_20170819/KL_GTF/Kluyveromyces_lactis.ASM251v1.32_custom.gtf, found:
		5535 transcripts
		5750 exons (non-collapsed)
		215 collapsed junctions
Mar 21 13:12:52 ..... finished GTF processing
Mar 21 13:12:52   Loaded database junctions from the GTF file: /home/heineike/genomes/klac_20170819/KL_GTF/Kluyveromyces_lactis.ASM251v1.32_custom.gtf: 215 total junctions

Mar 21 13:12:52   Finished preparing junctions
Mar 21 13:12:52 ..... inserting junctions into the genome indices
Mar 21 13:12:52   Finished SA search: number of new junctions=215, old junctions=0
Mar 21 13:12:52   Finished sorting SA indicesL nInd=42140
Mar 21 13:12:52   Finished inserting junction indices
Mar 21 13:13:00   Finished SAi
Mar 21 13:13:00 ..... finished inserting junctions into genome
Mar 21 13:13:00 ... writing Genome to disk ...
Writing 11555621 bytes into /home/heineike/genomes/klac_20170819/genomeDir/Genome ; empty space on disk = 2276484104192 bytes ... done
SA size in bytes: 88359005
Mar 21 13:13:00 ... writing Suffix Array to disk ...
Writing 88359005 bytes into /home/heineike/genomes/klac_20170819/genomeDir/SA ; empty space on disk = 2276472545280 bytes ... done
Mar 21 13:13:00 ... writing SAindex to disk
Writing 8 bytes into /home/heineike/genomes/klac_20170819/genomeDir/SAindex ; empty space on disk = 2276384182272 bytes ... done
Writing 120 bytes into /home/heineike/genomes/klac_20170819/genomeDir/SAindex ; empty space on disk = 2276384182272 bytes ... done
Writing 1565873491 bytes into /home/heineike/genomes/klac_20170819/genomeDir/SAindex ; empty space on disk = 2276384182272 bytes ... done
Mar 21 13:13:01 ..... finished successfully
DONE: Genome generation, EXITING
